<?xml version="1.0" encoding="UTF-8"?>
<coverage generated="1647139732631" clover="3.2.0">
  <project timestamp="1647139732631" name="All files">
    <metrics statements="8" coveredstatements="8" conditionals="0" coveredconditionals="0" methods="5" coveredmethods="5" elements="13" coveredelements="13" complexity="0" loc="8" ncloc="8" packages="2" files="3" classes="3"/>
    <package name="RNtesting">
      <metrics statements="2" coveredstatements="2" conditionals="0" coveredconditionals="0" methods="1" coveredmethods="1"/>
      <file name="App.js" path="/Users/mjung21/Desktop/Studying/RNtesting/App.js">
        <metrics statements="2" coveredstatements="2" conditionals="0" coveredconditionals="0" methods="1" coveredmethods="1"/>
        <line num="7" count="1" type="stmt"/>
        <line num="14" count="1" type="stmt"/>
      </file>
    </package>
    <package name="RNtesting.src">
      <metrics statements="6" coveredstatements="6" conditionals="0" coveredconditionals="0" methods="4" coveredmethods="4"/>
      <file name="Greeting.js" path="/Users/mjung21/Desktop/Studying/RNtesting/src/Greeting.js">
        <metrics statements="1" coveredstatements="1" conditionals="0" coveredconditionals="0" methods="1" coveredmethods="1"/>
        <line num="5" count="13" type="stmt"/>
      </file>
      <file name="Profile.js" path="/Users/mjung21/Desktop/Studying/RNtesting/src/Profile.js">
        <metrics statements="5" coveredstatements="5" conditionals="0" coveredconditionals="0" methods="3" coveredmethods="3"/>
        <line num="6" count="6" type="stmt"/>
        <line num="8" count="6" type="stmt"/>
        <line num="14" count="1" type="stmt"/>
        <line num="15" count="1" type="stmt"/>
        <line num="20" count="2" type="stmt"/>
      </file>
    </package>
  </project>
</coverage>
