{"/Users/mjung21/Desktop/Studying/RNtesting/App.js": {"path":"/Users/mjung21/Desktop/Studying/RNtesting/App.js","statementMap":{"0":{"start":{"line":7,"column":2},"end":{"line":11,"column":4}},"1":{"start":{"line":14,"column":15},"end":{"line":20,"column":2}}},"fnMap":{"0":{"name":"App","decl":{"start":{"line":6,"column":24},"end":{"line":6,"column":27}},"loc":{"start":{"line":6,"column":30},"end":{"line":12,"column":1}},"line":6}},"branchMap":{},"s":{"0":1,"1":1},"f":{"0":1},"b":{},"_coverageSchema":"1a1c01bbd47fc00a2c39e90264f33305004495a9","hash":"7a2a495e8710c54a316d636e0a8b1b3a26ce2fee"}
,"/Users/mjung21/Desktop/Studying/RNtesting/src/Greeting.js": {"path":"/Users/mjung21/Desktop/Studying/RNtesting/src/Greeting.js","statementMap":{"0":{"start":{"line":5,"column":2},"end":{"line":5,"column":52}}},"fnMap":{"0":{"name":"Greeting","decl":{"start":{"line":4,"column":24},"end":{"line":4,"column":32}},"loc":{"start":{"line":4,"column":51},"end":{"line":6,"column":1}},"line":4}},"branchMap":{},"s":{"0":13},"f":{"0":13},"b":{},"_coverageSchema":"1a1c01bbd47fc00a2c39e90264f33305004495a9","hash":"17b15c67c96e36cccae898bfbcc6b7152f35fd4c"}
,"/Users/mjung21/Desktop/Studying/RNtesting/src/Profile.js": {"path":"/Users/mjung21/Desktop/Studying/RNtesting/src/Profile.js","statementMap":{"0":{"start":{"line":6,"column":24},"end":{"line":6,"column":54}},"1":{"start":{"line":8,"column":2},"end":{"line":17,"column":4}},"2":{"start":{"line":14,"column":44},"end":{"line":14,"column":60}},"3":{"start":{"line":15,"column":46},"end":{"line":15,"column":64}},"4":{"start":{"line":20,"column":15},"end":{"line":27,"column":2}}},"fnMap":{"0":{"name":"Profile","decl":{"start":{"line":5,"column":24},"end":{"line":5,"column":31}},"loc":{"start":{"line":5,"column":50},"end":{"line":18,"column":1}},"line":5},"1":{"name":"(anonymous_1)","decl":{"start":{"line":14,"column":38},"end":{"line":14,"column":39}},"loc":{"start":{"line":14,"column":44},"end":{"line":14,"column":60}},"line":14},"2":{"name":"(anonymous_2)","decl":{"start":{"line":15,"column":40},"end":{"line":15,"column":41}},"loc":{"start":{"line":15,"column":46},"end":{"line":15,"column":64}},"line":15}},"branchMap":{},"s":{"0":6,"1":6,"2":1,"3":1,"4":2},"f":{"0":6,"1":1,"2":1},"b":{},"_coverageSchema":"1a1c01bbd47fc00a2c39e90264f33305004495a9","hash":"204d55fed2e5ff22d2fe27c44bc58589aa69e843"}
}
